<?xml version="1.0" encoding="UTF-8"?>
<testsuite name="ua.nic.service.AuthorServiceTest" tests="1" skipped="0" failures="0" errors="0" timestamp="2021-10-24T19:07:26" hostname="DESKTOP-SMS1BT2" time="0.434">
  <properties/>
  <testcase name="testAllCrudOperation" classname="ua.nic.service.AuthorServiceTest" time="0.434"/>
  <system-out><![CDATA[Hibernate: alter table books drop constraint FKayy5edfrqnegqj3882nce6qo8
Hibernate: alter table books_authors drop constraint FKq3f75b7gkvjqe5k1pa5emwpgw
Hibernate: alter table books_authors drop constraint FK3qua08pjd1ca1fe2x5cgohuu5
Hibernate: drop table if exists authors cascade
Hibernate: drop table if exists books cascade
Hibernate: drop table if exists books_authors cascade
Hibernate: drop table if exists publishers cascade
Hibernate: drop sequence if exists hibernate_sequence
Hibernate: create sequence hibernate_sequence start 1 increment 1
Hibernate: create table authors (id  serial not null, birth timestamp, created_date timestamp, email varchar(255), first_name varchar(255), last_name varchar(255), primary key (id))
Hibernate: create table books (id  serial not null, created_date timestamp, isbn int4, name varchar(255), series varchar(255), publisher_id int4, primary key (id))
Hibernate: create table books_authors (author_id int4 not null, books_id int4 not null)
Hibernate: create table publishers (id int4 not null, city varchar(255), name varchar(255), primary key (id))
Hibernate: alter table books add constraint FKayy5edfrqnegqj3882nce6qo8 foreign key (publisher_id) references publishers
Hibernate: alter table books_authors add constraint FKq3f75b7gkvjqe5k1pa5emwpgw foreign key (books_id) references books
Hibernate: alter table books_authors add constraint FK3qua08pjd1ca1fe2x5cgohuu5 foreign key (author_id) references authors
Hibernate: insert into authors (birth, created_date, email, first_name, last_name) values (?, ?, ?, ?, ?)
Hibernate: insert into authors (birth, created_date, email, first_name, last_name) values (?, ?, ?, ?, ?)
Hibernate: select author0_.id as id1_0_0_, author0_.birth as birth2_0_0_, author0_.created_date as created_3_0_0_, author0_.email as email4_0_0_, author0_.first_name as first_na5_0_0_, author0_.last_name as last_nam6_0_0_ from authors author0_ where author0_.id=?
Hibernate: select author0_.id as id1_0_, author0_.birth as birth2_0_, author0_.created_date as created_3_0_, author0_.email as email4_0_, author0_.first_name as first_na5_0_, author0_.last_name as last_nam6_0_ from authors author0_
Hibernate: select author0_.id as id1_0_0_, author0_.birth as birth2_0_0_, author0_.created_date as created_3_0_0_, author0_.email as email4_0_0_, author0_.first_name as first_na5_0_0_, author0_.last_name as last_nam6_0_0_ from authors author0_ where author0_.id=?
Hibernate: update authors set birth=?, created_date=?, email=?, first_name=?, last_name=? where id=?
Hibernate: delete from books_authors where author_id=?
Hibernate: select author0_.id as id1_0_0_, author0_.birth as birth2_0_0_, author0_.created_date as created_3_0_0_, author0_.email as email4_0_0_, author0_.first_name as first_na5_0_0_, author0_.last_name as last_nam6_0_0_ from authors author0_ where author0_.id=?
Hibernate: select author0_.id as id1_0_0_, author0_.birth as birth2_0_0_, author0_.created_date as created_3_0_0_, author0_.email as email4_0_0_, author0_.first_name as first_na5_0_0_, author0_.last_name as last_nam6_0_0_ from authors author0_ where author0_.id=?
Hibernate: select author0_.id as id1_0_0_, author0_.birth as birth2_0_0_, author0_.created_date as created_3_0_0_, author0_.email as email4_0_0_, author0_.first_name as first_na5_0_0_, author0_.last_name as last_nam6_0_0_ from authors author0_ where author0_.id=?
Hibernate: select books0_.author_id as author_i1_2_0_, books0_.books_id as books_id2_2_0_, book1_.id as id1_1_1_, book1_.created_date as created_2_1_1_, book1_.isbn as isbn3_1_1_, book1_.name as name4_1_1_, book1_.publisher_id as publishe6_1_1_, book1_.series as series5_1_1_, publisher2_.id as id1_3_2_, publisher2_.city as city2_3_2_, publisher2_.name as name3_3_2_ from books_authors books0_ inner join books book1_ on books0_.books_id=book1_.id left outer join publishers publisher2_ on book1_.publisher_id=publisher2_.id where books0_.author_id=?
Hibernate: delete from authors where id=?
Hibernate: select author0_.id as id1_0_0_, author0_.birth as birth2_0_0_, author0_.created_date as created_3_0_0_, author0_.email as email4_0_0_, author0_.first_name as first_na5_0_0_, author0_.last_name as last_nam6_0_0_ from authors author0_ where author0_.id=?
Hibernate: select books0_.author_id as author_i1_2_0_, books0_.books_id as books_id2_2_0_, book1_.id as id1_1_1_, book1_.created_date as created_2_1_1_, book1_.isbn as isbn3_1_1_, book1_.name as name4_1_1_, book1_.publisher_id as publishe6_1_1_, book1_.series as series5_1_1_, publisher2_.id as id1_3_2_, publisher2_.city as city2_3_2_, publisher2_.name as name3_3_2_ from books_authors books0_ inner join books book1_ on books0_.books_id=book1_.id left outer join publishers publisher2_ on book1_.publisher_id=publisher2_.id where books0_.author_id=?
Hibernate: delete from authors where id=?
Hibernate: select author0_.id as id1_0_0_, author0_.birth as birth2_0_0_, author0_.created_date as created_3_0_0_, author0_.email as email4_0_0_, author0_.first_name as first_na5_0_0_, author0_.last_name as last_nam6_0_0_ from authors author0_ where author0_.id=?
Hibernate: select author0_.id as id1_0_0_, author0_.birth as birth2_0_0_, author0_.created_date as created_3_0_0_, author0_.email as email4_0_0_, author0_.first_name as first_na5_0_0_, author0_.last_name as last_nam6_0_0_ from authors author0_ where author0_.id=?
]]></system-out>
  <system-err><![CDATA[окт. 24, 2021 10:07:24 PM org.springframework.context.annotation.AnnotationConfigApplicationContext prepareRefresh
INFO: Refreshing org.springframework.context.annotation.AnnotationConfigApplicationContext@1c357fb: startup date [Sun Oct 24 22:07:24 EEST 2021]; root of context hierarchy
окт. 24, 2021 10:07:24 PM org.hibernate.Version logVersion
INFO: HHH000412: Hibernate Core {5.2.11.Final}
окт. 24, 2021 10:07:24 PM org.hibernate.cfg.Environment <clinit>
INFO: HHH000205: Loaded properties from resource hibernate.properties: {hibernate.c3p0.max_size=20, hibernate.dialect=org.hibernate.dialect.PostgresPlusDialect, hibernate.c3p0.min_size=5, hibernate.connection.username=postgres, hibernate.connection.url=jdbc:postgresql://localhost:5432/ssr_db, hibernate.hbm2ddl=create, hibernate.show_sql=true, hibernate.c3p0.acquire_increment=1, hibernate.connection.driver_class=org.postgresql.Driver, hibernate.c3p0.max_statements=150, hibernate.connection.password=****, hibernate.c3p0.timeout=1800, hibernate.bytecode.use_reflection_optimizer=false}
окт. 24, 2021 10:07:24 PM org.hibernate.annotations.common.reflection.java.JavaReflectionManager <clinit>
INFO: HCANN000001: Hibernate Commons Annotations {5.0.1.Final}
окт. 24, 2021 10:07:25 PM org.hibernate.c3p0.internal.C3P0ConnectionProvider configure
INFO: HHH010002: C3P0 using driver: org.postgresql.Driver at URL: jdbc:postgresql://localhost:5432/ssr_db
окт. 24, 2021 10:07:25 PM org.hibernate.c3p0.internal.C3P0ConnectionProvider configure
INFO: HHH10001001: Connection properties: {password=****, handling_mode=DELAYED_ACQUISITION_AND_HOLD, user=postgres}
окт. 24, 2021 10:07:25 PM org.hibernate.c3p0.internal.C3P0ConnectionProvider configure
INFO: HHH10001003: Autocommit mode: false
окт. 24, 2021 10:07:25 PM com.mchange.v2.log.MLog 
INFO: MLog clients using java 1.4+ standard logging.
окт. 24, 2021 10:07:25 PM com.mchange.v2.c3p0.C3P0Registry 
INFO: Initializing c3p0-0.9.5.2 [built 08-December-2015 22:06:04 -0800; debug? true; trace: 10]
окт. 24, 2021 10:07:25 PM org.hibernate.c3p0.internal.C3P0ConnectionProvider configure
INFO: HHH10001007: JDBC isolation level: <unknown>
окт. 24, 2021 10:07:25 PM com.mchange.v2.c3p0.impl.AbstractPoolBackedDataSource 
INFO: Initializing c3p0 pool... com.mchange.v2.c3p0.PoolBackedDataSource@d7fb1e97 [ connectionPoolDataSource -> com.mchange.v2.c3p0.WrapperConnectionPoolDataSource@d5cae09e [ acquireIncrement -> 1, acquireRetryAttempts -> 30, acquireRetryDelay -> 1000, autoCommitOnClose -> false, automaticTestTable -> null, breakAfterAcquireFailure -> false, checkoutTimeout -> 0, connectionCustomizerClassName -> null, connectionTesterClassName -> com.mchange.v2.c3p0.impl.DefaultConnectionTester, contextClassLoaderSource -> caller, debugUnreturnedConnectionStackTraces -> false, factoryClassLocation -> null, forceIgnoreUnresolvedTransactions -> false, forceSynchronousCheckins -> false, identityToken -> 1hgeigcak1duz6ngsyvyz|1ca00fac, idleConnectionTestPeriod -> 0, initialPoolSize -> 5, maxAdministrativeTaskTime -> 0, maxConnectionAge -> 0, maxIdleTime -> 1800, maxIdleTimeExcessConnections -> 0, maxPoolSize -> 20, maxStatements -> 150, maxStatementsPerConnection -> 0, minPoolSize -> 5, nestedDataSource -> com.mchange.v2.c3p0.DriverManagerDataSource@9ce55ba8 [ description -> null, driverClass -> null, factoryClassLocation -> null, forceUseNamedDriverClass -> false, identityToken -> 1hgeigcak1duz6ngsyvyz|158477b1, jdbcUrl -> jdbc:postgresql://localhost:5432/ssr_db, properties -> {password=******, handling_mode=DELAYED_ACQUISITION_AND_HOLD, user=******} ], preferredTestQuery -> null, privilegeSpawnedThreads -> false, propertyCycle -> 0, statementCacheNumDeferredCloseThreads -> 0, testConnectionOnCheckin -> false, testConnectionOnCheckout -> false, unreturnedConnectionTimeout -> 0, usesTraditionalReflectiveProxies -> false; userOverrides: {} ], dataSourceName -> null, extensions -> {}, factoryClassLocation -> null, identityToken -> 1hgeigcak1duz6ngsyvyz|305ea840, numHelperThreads -> 3 ]
окт. 24, 2021 10:07:25 PM org.hibernate.dialect.Dialect <init>
INFO: HHH000400: Using dialect: org.hibernate.dialect.PostgresPlusDialect
окт. 24, 2021 10:07:25 PM org.hibernate.engine.jdbc.env.internal.LobCreatorBuilderImpl useContextualLobCreation
INFO: HHH000424: Disabling contextual LOB creation as createClob() method threw error : java.lang.reflect.InvocationTargetException
окт. 24, 2021 10:07:25 PM org.hibernate.type.BasicTypeRegistry register
INFO: HHH000270: Type registration [java.util.UUID] overrides previous : org.hibernate.type.UUIDBinaryType@5e193445
окт. 24, 2021 10:07:26 PM org.hibernate.resource.transaction.backend.jdbc.internal.DdlTransactionIsolatorNonJtaImpl getIsolatedConnection
INFO: HHH10001501: Connection obtained from JdbcConnectionAccess [org.hibernate.engine.jdbc.env.internal.JdbcEnvironmentInitiator$ConnectionProviderJdbcConnectionAccess@5999ed4a] for (non-JTA) DDL execution was not in auto-commit mode; the Connection 'local transaction' will be committed and the Connection will be set into auto-commit mode.
окт. 24, 2021 10:07:26 PM org.hibernate.resource.transaction.backend.jdbc.internal.DdlTransactionIsolatorNonJtaImpl getIsolatedConnection
INFO: HHH10001501: Connection obtained from JdbcConnectionAccess [org.hibernate.engine.jdbc.env.internal.JdbcEnvironmentInitiator$ConnectionProviderJdbcConnectionAccess@37f99fec] for (non-JTA) DDL execution was not in auto-commit mode; the Connection 'local transaction' will be committed and the Connection will be set into auto-commit mode.
окт. 24, 2021 10:07:26 PM org.hibernate.tool.schema.internal.SchemaCreatorImpl applyImportSources
INFO: HHH000476: Executing import script 'org.hibernate.tool.schema.internal.exec.ScriptSourceInputNonExistentImpl@631b8f73'
окт. 24, 2021 10:07:26 PM org.springframework.orm.hibernate5.HibernateTransactionManager afterPropertiesSet
INFO: Using DataSource [com.mchange.v2.c3p0.PoolBackedDataSource@d7fb1e97 [ connectionPoolDataSource -> com.mchange.v2.c3p0.WrapperConnectionPoolDataSource@d5cae09e [ acquireIncrement -> 1, acquireRetryAttempts -> 30, acquireRetryDelay -> 1000, autoCommitOnClose -> false, automaticTestTable -> null, breakAfterAcquireFailure -> false, checkoutTimeout -> 0, connectionCustomizerClassName -> null, connectionTesterClassName -> com.mchange.v2.c3p0.impl.DefaultConnectionTester, contextClassLoaderSource -> caller, debugUnreturnedConnectionStackTraces -> false, factoryClassLocation -> null, forceIgnoreUnresolvedTransactions -> false, forceSynchronousCheckins -> false, identityToken -> 1hgeigcak1duz6ngsyvyz|1ca00fac, idleConnectionTestPeriod -> 0, initialPoolSize -> 5, maxAdministrativeTaskTime -> 0, maxConnectionAge -> 0, maxIdleTime -> 1800, maxIdleTimeExcessConnections -> 0, maxPoolSize -> 20, maxStatements -> 150, maxStatementsPerConnection -> 0, minPoolSize -> 5, nestedDataSource -> com.mchange.v2.c3p0.DriverManagerDataSource@9ce55ba8 [ description -> null, driverClass -> null, factoryClassLocation -> null, forceUseNamedDriverClass -> false, identityToken -> 1hgeigcak1duz6ngsyvyz|158477b1, jdbcUrl -> jdbc:postgresql://localhost:5432/ssr_db, properties -> {password=******, handling_mode=DELAYED_ACQUISITION_AND_HOLD, user=******} ], preferredTestQuery -> null, privilegeSpawnedThreads -> false, propertyCycle -> 0, statementCacheNumDeferredCloseThreads -> 0, testConnectionOnCheckin -> false, testConnectionOnCheckout -> false, unreturnedConnectionTimeout -> 0, usesTraditionalReflectiveProxies -> false; userOverrides: {} ], dataSourceName -> null, extensions -> {}, factoryClassLocation -> null, identityToken -> 1hgeigcak1duz6ngsyvyz|305ea840, numHelperThreads -> 3 ]] of Hibernate SessionFactory for HibernateTransactionManager
окт. 24, 2021 10:07:27 PM org.hibernate.hql.internal.QueryTranslatorFactoryInitiator initiateService
INFO: HHH000397: Using ASTQueryTranslatorFactory
]]></system-err>
</testsuite>
